{"C:\\Users\\megad\\Documents\\TFG\\Mixlead-SDK53\\app\\employee\\myAgenda.js": {"path":"C:\\Users\\megad\\Documents\\TFG\\Mixlead-SDK53\\app\\employee\\myAgenda.js","statementMap":{"0":{"start":{"line":33,"column":18},"end":{"line":33,"column":42}},"1":{"start":{"line":35,"column":17},"end":{"line":35,"column":29}},"2":{"start":{"line":38,"column":17},"end":{"line":38,"column":28}},"3":{"start":{"line":39,"column":16},"end":{"line":39,"column":32}},"4":{"start":{"line":41,"column":42},"end":{"line":41,"column":57}},"5":{"start":{"line":42,"column":26},"end":{"line":42,"column":38}},"6":{"start":{"line":43,"column":56},"end":{"line":43,"column":68}},"7":{"start":{"line":45,"column":44},"end":{"line":45,"column":56}},"8":{"start":{"line":46,"column":48},"end":{"line":46,"column":60}},"9":{"start":{"line":47,"column":48},"end":{"line":47,"column":60}},"10":{"start":{"line":49,"column":36},"end":{"line":49,"column":56}},"11":{"start":{"line":50,"column":54},"end":{"line":50,"column":66}},"12":{"start":{"line":51,"column":46},"end":{"line":51,"column":61}},"13":{"start":{"line":55,"column":31},"end":{"line":129,"column":9}},"14":{"start":{"line":56,"column":17},"end":{"line":56,"column":33}},"15":{"start":{"line":57,"column":4},"end":{"line":68,"column":5}},"16":{"start":{"line":58,"column":6},"end":{"line":58,"column":69}},"17":{"start":{"line":59,"column":6},"end":{"line":66,"column":9}},"18":{"start":{"line":67,"column":6},"end":{"line":67,"column":18}},"19":{"start":{"line":70,"column":4},"end":{"line":128,"column":5}},"20":{"start":{"line":71,"column":32},"end":{"line":71,"column":64}},"21":{"start":{"line":74,"column":16},"end":{"line":74,"column":74}},"22":{"start":{"line":75,"column":28},"end":{"line":75,"column":44}},"23":{"start":{"line":77,"column":6},"end":{"line":116,"column":7}},"24":{"start":{"line":78,"column":28},"end":{"line":78,"column":49}},"25":{"start":{"line":79,"column":25},"end":{"line":79,"column":43}},"26":{"start":{"line":80,"column":23},"end":{"line":80,"column":54}},"27":{"start":{"line":82,"column":8},"end":{"line":88,"column":9}},"28":{"start":{"line":83,"column":10},"end":{"line":83,"column":48}},"29":{"start":{"line":85,"column":10},"end":{"line":87,"column":12}},"30":{"start":{"line":91,"column":8},"end":{"line":95,"column":9}},"31":{"start":{"line":92,"column":10},"end":{"line":92,"column":38}},"32":{"start":{"line":94,"column":10},"end":{"line":94,"column":80}},"33":{"start":{"line":97,"column":8},"end":{"line":101,"column":9}},"34":{"start":{"line":98,"column":10},"end":{"line":100,"column":12}},"35":{"start":{"line":102,"column":8},"end":{"line":102,"column":22}},"36":{"start":{"line":104,"column":8},"end":{"line":106,"column":10}},"37":{"start":{"line":107,"column":8},"end":{"line":114,"column":11}},"38":{"start":{"line":115,"column":8},"end":{"line":115,"column":20}},"39":{"start":{"line":118,"column":6},"end":{"line":118,"column":63}},"40":{"start":{"line":119,"column":6},"end":{"line":126,"column":9}},"41":{"start":{"line":127,"column":6},"end":{"line":127,"column":18}},"42":{"start":{"line":131,"column":21},"end":{"line":133,"column":3}},"43":{"start":{"line":132,"column":4},"end":{"line":132,"column":18}},"44":{"start":{"line":135,"column":21},"end":{"line":185,"column":39}},"45":{"start":{"line":136,"column":27},"end":{"line":136,"column":55}},"46":{"start":{"line":138,"column":4},"end":{"line":184,"column":5}},"47":{"start":{"line":139,"column":23},"end":{"line":139,"column":56}},"48":{"start":{"line":140,"column":6},"end":{"line":160,"column":7}},"49":{"start":{"line":141,"column":8},"end":{"line":141,"column":44}},"50":{"start":{"line":142,"column":13},"end":{"line":160,"column":7}},"51":{"start":{"line":143,"column":8},"end":{"line":143,"column":41}},"52":{"start":{"line":146,"column":8},"end":{"line":148,"column":10}},"53":{"start":{"line":149,"column":8},"end":{"line":158,"column":11}},"54":{"start":{"line":159,"column":8},"end":{"line":159,"column":41}},"55":{"start":{"line":163,"column":6},"end":{"line":165,"column":8}},"56":{"start":{"line":166,"column":6},"end":{"line":182,"column":7}},"57":{"start":{"line":168,"column":13},"end":{"line":182,"column":7}},"58":{"start":{"line":171,"column":8},"end":{"line":181,"column":11}},"59":{"start":{"line":183,"column":6},"end":{"line":183,"column":39}},"60":{"start":{"line":187,"column":25},"end":{"line":189,"column":3}},"61":{"start":{"line":188,"column":4},"end":{"line":188,"column":38}},"62":{"start":{"line":191,"column":25},"end":{"line":390,"column":3}},"63":{"start":{"line":193,"column":18},"end":{"line":193,"column":52}},"64":{"start":{"line":194,"column":20},"end":{"line":194,"column":56}},"65":{"start":{"line":195,"column":20},"end":{"line":195,"column":56}},"66":{"start":{"line":197,"column":4},"end":{"line":214,"column":5}},"67":{"start":{"line":207,"column":6},"end":{"line":212,"column":9}},"68":{"start":{"line":213,"column":6},"end":{"line":213,"column":13}},"69":{"start":{"line":215,"column":35},"end":{"line":215,"column":72}},"70":{"start":{"line":217,"column":4},"end":{"line":233,"column":5}},"71":{"start":{"line":226,"column":6},"end":{"line":231,"column":9}},"72":{"start":{"line":232,"column":6},"end":{"line":232,"column":13}},"73":{"start":{"line":236,"column":17},"end":{"line":236,"column":33}},"74":{"start":{"line":237,"column":4},"end":{"line":245,"column":5}},"75":{"start":{"line":238,"column":6},"end":{"line":243,"column":9}},"76":{"start":{"line":244,"column":6},"end":{"line":244,"column":13}},"77":{"start":{"line":248,"column":24},"end":{"line":248,"column":28}},"78":{"start":{"line":250,"column":4},"end":{"line":389,"column":5}},"79":{"start":{"line":252,"column":6},"end":{"line":254,"column":8}},"80":{"start":{"line":255,"column":32},"end":{"line":255,"column":64}},"81":{"start":{"line":256,"column":28},"end":{"line":259,"column":7}},"82":{"start":{"line":260,"column":36},"end":{"line":260,"column":64}},"83":{"start":{"line":262,"column":6},"end":{"line":274,"column":7}},"84":{"start":{"line":263,"column":8},"end":{"line":265,"column":10}},"85":{"start":{"line":266,"column":8},"end":{"line":271,"column":11}},"86":{"start":{"line":273,"column":8},"end":{"line":273,"column":15}},"87":{"start":{"line":276,"column":27},"end":{"line":276,"column":63}},"88":{"start":{"line":277,"column":6},"end":{"line":277,"column":45}},"89":{"start":{"line":279,"column":6},"end":{"line":291,"column":7}},"90":{"start":{"line":280,"column":8},"end":{"line":282,"column":10}},"91":{"start":{"line":283,"column":8},"end":{"line":288,"column":11}},"92":{"start":{"line":290,"column":8},"end":{"line":290,"column":15}},"93":{"start":{"line":292,"column":6},"end":{"line":292,"column":76}},"94":{"start":{"line":295,"column":20},"end":{"line":295,"column":30}},"95":{"start":{"line":296,"column":18},"end":{"line":296,"column":33}},"96":{"start":{"line":297,"column":20},"end":{"line":297,"column":40}},"97":{"start":{"line":298,"column":19},"end":{"line":298,"column":38}},"98":{"start":{"line":301,"column":34},"end":{"line":308,"column":7}},"99":{"start":{"line":309,"column":33},"end":{"line":314,"column":7}},"100":{"start":{"line":316,"column":33},"end":{"line":316,"column":66}},"101":{"start":{"line":317,"column":6},"end":{"line":319,"column":8}},"102":{"start":{"line":321,"column":6},"end":{"line":333,"column":7}},"103":{"start":{"line":322,"column":8},"end":{"line":330,"column":11}},"104":{"start":{"line":332,"column":8},"end":{"line":332,"column":15}},"105":{"start":{"line":337,"column":6},"end":{"line":339,"column":8}},"106":{"start":{"line":340,"column":6},"end":{"line":351,"column":9}},"107":{"start":{"line":353,"column":6},"end":{"line":358,"column":9}},"108":{"start":{"line":361,"column":6},"end":{"line":361,"column":29}},"109":{"start":{"line":362,"column":6},"end":{"line":362,"column":18}},"110":{"start":{"line":363,"column":6},"end":{"line":363,"column":33}},"111":{"start":{"line":364,"column":6},"end":{"line":364,"column":27}},"112":{"start":{"line":365,"column":6},"end":{"line":365,"column":29}},"113":{"start":{"line":366,"column":6},"end":{"line":366,"column":29}},"114":{"start":{"line":367,"column":6},"end":{"line":367,"column":32}},"115":{"start":{"line":368,"column":6},"end":{"line":368,"column":31}},"116":{"start":{"line":370,"column":6},"end":{"line":370,"column":56}},"117":{"start":{"line":371,"column":6},"end":{"line":386,"column":7}},"118":{"start":{"line":372,"column":8},"end":{"line":378,"column":11}},"119":{"start":{"line":380,"column":8},"end":{"line":385,"column":11}},"120":{"start":{"line":392,"column":23},"end":{"line":417,"column":3}},"121":{"start":{"line":394,"column":4},"end":{"line":396,"column":5}},"122":{"start":{"line":395,"column":6},"end":{"line":395,"column":31}},"123":{"start":{"line":399,"column":4},"end":{"line":416,"column":5}},"124":{"start":{"line":400,"column":26},"end":{"line":400,"column":51}},"125":{"start":{"line":403,"column":6},"end":{"line":403,"column":32}},"126":{"start":{"line":406,"column":24},"end":{"line":406,"column":52}},"127":{"start":{"line":407,"column":6},"end":{"line":407,"column":39}},"128":{"start":{"line":410,"column":6},"end":{"line":412,"column":7}},"129":{"start":{"line":411,"column":8},"end":{"line":411,"column":33}},"130":{"start":{"line":415,"column":6},"end":{"line":415,"column":31}},"131":{"start":{"line":419,"column":2},"end":{"line":714,"column":4}},"132":{"start":{"line":485,"column":32},"end":{"line":485,"column":54}},"133":{"start":{"line":521,"column":22},"end":{"line":521,"column":67}},"134":{"start":{"line":534,"column":22},"end":{"line":534,"column":69}},"135":{"start":{"line":547,"column":22},"end":{"line":547,"column":69}},"136":{"start":{"line":561,"column":33},"end":{"line":561,"column":56}},"137":{"start":{"line":591,"column":35},"end":{"line":591,"column":57}},"138":{"start":{"line":656,"column":25},"end":{"line":656,"column":46}},"139":{"start":{"line":717,"column":15},"end":{"line":820,"column":1}}},"fnMap":{"0":{"name":"Home","decl":{"start":{"line":37,"column":24},"end":{"line":37,"column":28}},"loc":{"start":{"line":37,"column":31},"end":{"line":715,"column":1}},"line":37},"1":{"name":"(anonymous_1)","decl":{"start":{"line":55,"column":43},"end":{"line":55,"column":44}},"loc":{"start":{"line":55,"column":55},"end":{"line":129,"column":3}},"line":55},"2":{"name":"(anonymous_2)","decl":{"start":{"line":131,"column":21},"end":{"line":131,"column":22}},"loc":{"start":{"line":131,"column":27},"end":{"line":133,"column":3}},"line":131},"3":{"name":"(anonymous_3)","decl":{"start":{"line":135,"column":33},"end":{"line":135,"column":34}},"loc":{"start":{"line":135,"column":45},"end":{"line":185,"column":3}},"line":135},"4":{"name":"(anonymous_4)","decl":{"start":{"line":187,"column":25},"end":{"line":187,"column":26}},"loc":{"start":{"line":187,"column":31},"end":{"line":189,"column":3}},"line":187},"5":{"name":"(anonymous_5)","decl":{"start":{"line":191,"column":25},"end":{"line":191,"column":26}},"loc":{"start":{"line":191,"column":37},"end":{"line":390,"column":3}},"line":191},"6":{"name":"(anonymous_6)","decl":{"start":{"line":392,"column":23},"end":{"line":392,"column":24}},"loc":{"start":{"line":392,"column":48},"end":{"line":417,"column":3}},"line":392},"7":{"name":"(anonymous_7)","decl":{"start":{"line":485,"column":26},"end":{"line":485,"column":27}},"loc":{"start":{"line":485,"column":32},"end":{"line":485,"column":54}},"line":485},"8":{"name":"(anonymous_8)","decl":{"start":{"line":520,"column":34},"end":{"line":520,"column":35}},"loc":{"start":{"line":521,"column":22},"end":{"line":521,"column":67}},"line":521},"9":{"name":"(anonymous_9)","decl":{"start":{"line":533,"column":34},"end":{"line":533,"column":35}},"loc":{"start":{"line":534,"column":22},"end":{"line":534,"column":69}},"line":534},"10":{"name":"(anonymous_10)","decl":{"start":{"line":546,"column":34},"end":{"line":546,"column":35}},"loc":{"start":{"line":547,"column":22},"end":{"line":547,"column":69}},"line":547},"11":{"name":"(anonymous_11)","decl":{"start":{"line":561,"column":27},"end":{"line":561,"column":28}},"loc":{"start":{"line":561,"column":33},"end":{"line":561,"column":56}},"line":561},"12":{"name":"(anonymous_12)","decl":{"start":{"line":591,"column":29},"end":{"line":591,"column":30}},"loc":{"start":{"line":591,"column":35},"end":{"line":591,"column":57}},"line":591},"13":{"name":"(anonymous_13)","decl":{"start":{"line":656,"column":19},"end":{"line":656,"column":20}},"loc":{"start":{"line":656,"column":25},"end":{"line":656,"column":46}},"line":656}},"branchMap":{"0":{"loc":{"start":{"line":57,"column":4},"end":{"line":68,"column":5}},"type":"if","locations":[{"start":{"line":57,"column":4},"end":{"line":68,"column":5}},{"start":{},"end":{}}],"line":57},"1":{"loc":{"start":{"line":77,"column":6},"end":{"line":116,"column":7}},"type":"if","locations":[{"start":{"line":77,"column":6},"end":{"line":116,"column":7}},{"start":{"line":103,"column":13},"end":{"line":116,"column":7}}],"line":77},"2":{"loc":{"start":{"line":82,"column":8},"end":{"line":88,"column":9}},"type":"if","locations":[{"start":{"line":82,"column":8},"end":{"line":88,"column":9}},{"start":{"line":84,"column":15},"end":{"line":88,"column":9}}],"line":82},"3":{"loc":{"start":{"line":91,"column":8},"end":{"line":95,"column":9}},"type":"if","locations":[{"start":{"line":91,"column":8},"end":{"line":95,"column":9}},{"start":{"line":93,"column":15},"end":{"line":95,"column":9}}],"line":91},"4":{"loc":{"start":{"line":97,"column":8},"end":{"line":101,"column":9}},"type":"if","locations":[{"start":{"line":97,"column":8},"end":{"line":101,"column":9}},{"start":{},"end":{}}],"line":97},"5":{"loc":{"start":{"line":97,"column":12},"end":{"line":97,"column":45}},"type":"binary-expr","locations":[{"start":{"line":97,"column":12},"end":{"line":97,"column":29}},{"start":{"line":97,"column":33},"end":{"line":97,"column":45}}],"line":97},"6":{"loc":{"start":{"line":138,"column":4},"end":{"line":184,"column":5}},"type":"if","locations":[{"start":{"line":138,"column":4},"end":{"line":184,"column":5}},{"start":{"line":161,"column":11},"end":{"line":184,"column":5}}],"line":138},"7":{"loc":{"start":{"line":138,"column":8},"end":{"line":138,"column":45}},"type":"binary-expr","locations":[{"start":{"line":138,"column":8},"end":{"line":138,"column":22}},{"start":{"line":138,"column":26},"end":{"line":138,"column":45}}],"line":138},"8":{"loc":{"start":{"line":140,"column":6},"end":{"line":160,"column":7}},"type":"if","locations":[{"start":{"line":140,"column":6},"end":{"line":160,"column":7}},{"start":{"line":142,"column":13},"end":{"line":160,"column":7}}],"line":140},"9":{"loc":{"start":{"line":142,"column":13},"end":{"line":160,"column":7}},"type":"if","locations":[{"start":{"line":142,"column":13},"end":{"line":160,"column":7}},{"start":{"line":144,"column":13},"end":{"line":160,"column":7}}],"line":142},"10":{"loc":{"start":{"line":166,"column":6},"end":{"line":182,"column":7}},"type":"if","locations":[{"start":{"line":166,"column":6},"end":{"line":182,"column":7}},{"start":{"line":168,"column":13},"end":{"line":182,"column":7}}],"line":166},"11":{"loc":{"start":{"line":168,"column":13},"end":{"line":182,"column":7}},"type":"if","locations":[{"start":{"line":168,"column":13},"end":{"line":182,"column":7}},{"start":{"line":170,"column":13},"end":{"line":182,"column":7}}],"line":168},"12":{"loc":{"start":{"line":193,"column":27},"end":{"line":193,"column":47}},"type":"binary-expr","locations":[{"start":{"line":193,"column":27},"end":{"line":193,"column":40}},{"start":{"line":193,"column":44},"end":{"line":193,"column":47}}],"line":193},"13":{"loc":{"start":{"line":194,"column":29},"end":{"line":194,"column":51}},"type":"binary-expr","locations":[{"start":{"line":194,"column":29},"end":{"line":194,"column":44}},{"start":{"line":194,"column":48},"end":{"line":194,"column":51}}],"line":194},"14":{"loc":{"start":{"line":195,"column":29},"end":{"line":195,"column":51}},"type":"binary-expr","locations":[{"start":{"line":195,"column":29},"end":{"line":195,"column":44}},{"start":{"line":195,"column":48},"end":{"line":195,"column":51}}],"line":195},"15":{"loc":{"start":{"line":197,"column":4},"end":{"line":214,"column":5}},"type":"if","locations":[{"start":{"line":197,"column":4},"end":{"line":214,"column":5}},{"start":{},"end":{}}],"line":197},"16":{"loc":{"start":{"line":198,"column":6},"end":{"line":205,"column":18}},"type":"binary-expr","locations":[{"start":{"line":198,"column":6},"end":{"line":198,"column":18}},{"start":{"line":199,"column":6},"end":{"line":199,"column":15}},{"start":{"line":200,"column":6},"end":{"line":200,"column":20}},{"start":{"line":201,"column":6},"end":{"line":201,"column":17}},{"start":{"line":202,"column":6},"end":{"line":202,"column":18}},{"start":{"line":203,"column":6},"end":{"line":203,"column":20}},{"start":{"line":204,"column":6},"end":{"line":204,"column":17}},{"start":{"line":205,"column":6},"end":{"line":205,"column":18}}],"line":198},"17":{"loc":{"start":{"line":217,"column":4},"end":{"line":233,"column":5}},"type":"if","locations":[{"start":{"line":217,"column":4},"end":{"line":233,"column":5}},{"start":{},"end":{}}],"line":217},"18":{"loc":{"start":{"line":218,"column":6},"end":{"line":224,"column":33}},"type":"binary-expr","locations":[{"start":{"line":218,"column":6},"end":{"line":218,"column":18}},{"start":{"line":219,"column":6},"end":{"line":219,"column":29}},{"start":{"line":220,"column":6},"end":{"line":220,"column":27}},{"start":{"line":221,"column":6},"end":{"line":221,"column":33}},{"start":{"line":222,"column":6},"end":{"line":222,"column":46}},{"start":{"line":223,"column":6},"end":{"line":223,"column":44}},{"start":{"line":224,"column":6},"end":{"line":224,"column":33}}],"line":218},"19":{"loc":{"start":{"line":237,"column":4},"end":{"line":245,"column":5}},"type":"if","locations":[{"start":{"line":237,"column":4},"end":{"line":245,"column":5}},{"start":{},"end":{}}],"line":237},"20":{"loc":{"start":{"line":262,"column":6},"end":{"line":274,"column":7}},"type":"if","locations":[{"start":{"line":262,"column":6},"end":{"line":274,"column":7}},{"start":{},"end":{}}],"line":262},"21":{"loc":{"start":{"line":279,"column":6},"end":{"line":291,"column":7}},"type":"if","locations":[{"start":{"line":279,"column":6},"end":{"line":291,"column":7}},{"start":{},"end":{}}],"line":279},"22":{"loc":{"start":{"line":321,"column":6},"end":{"line":333,"column":7}},"type":"if","locations":[{"start":{"line":321,"column":6},"end":{"line":333,"column":7}},{"start":{},"end":{}}],"line":321},"23":{"loc":{"start":{"line":348,"column":19},"end":{"line":348,"column":45}},"type":"binary-expr","locations":[{"start":{"line":348,"column":19},"end":{"line":348,"column":37}},{"start":{"line":348,"column":41},"end":{"line":348,"column":45}}],"line":348},"24":{"loc":{"start":{"line":371,"column":6},"end":{"line":386,"column":7}},"type":"if","locations":[{"start":{"line":371,"column":6},"end":{"line":386,"column":7}},{"start":{"line":379,"column":13},"end":{"line":386,"column":7}}],"line":371},"25":{"loc":{"start":{"line":394,"column":4},"end":{"line":396,"column":5}},"type":"if","locations":[{"start":{"line":394,"column":4},"end":{"line":396,"column":5}},{"start":{},"end":{}}],"line":394},"26":{"loc":{"start":{"line":399,"column":4},"end":{"line":416,"column":5}},"type":"if","locations":[{"start":{"line":399,"column":4},"end":{"line":416,"column":5}},{"start":{"line":413,"column":11},"end":{"line":416,"column":5}}],"line":399},"27":{"loc":{"start":{"line":399,"column":8},"end":{"line":399,"column":44}},"type":"binary-expr","locations":[{"start":{"line":399,"column":8},"end":{"line":399,"column":28}},{"start":{"line":399,"column":32},"end":{"line":399,"column":44}}],"line":399},"28":{"loc":{"start":{"line":400,"column":26},"end":{"line":400,"column":51}},"type":"binary-expr","locations":[{"start":{"line":400,"column":26},"end":{"line":400,"column":38}},{"start":{"line":400,"column":42},"end":{"line":400,"column":51}}],"line":400},"29":{"loc":{"start":{"line":410,"column":6},"end":{"line":412,"column":7}},"type":"if","locations":[{"start":{"line":410,"column":6},"end":{"line":412,"column":7}},{"start":{},"end":{}}],"line":410},"30":{"loc":{"start":{"line":448,"column":28},"end":{"line":448,"column":46}},"type":"cond-expr","locations":[{"start":{"line":448,"column":39},"end":{"line":448,"column":41}},{"start":{"line":448,"column":44},"end":{"line":448,"column":46}}],"line":448},"31":{"loc":{"start":{"line":448,"column":56},"end":{"line":448,"column":74}},"type":"cond-expr","locations":[{"start":{"line":448,"column":67},"end":{"line":448,"column":69}},{"start":{"line":448,"column":72},"end":{"line":448,"column":74}}],"line":448},"32":{"loc":{"start":{"line":456,"column":22},"end":{"line":456,"column":40}},"type":"cond-expr","locations":[{"start":{"line":456,"column":33},"end":{"line":456,"column":35}},{"start":{"line":456,"column":38},"end":{"line":456,"column":40}}],"line":456},"33":{"loc":{"start":{"line":474,"column":28},"end":{"line":474,"column":46}},"type":"cond-expr","locations":[{"start":{"line":474,"column":39},"end":{"line":474,"column":41}},{"start":{"line":474,"column":44},"end":{"line":474,"column":46}}],"line":474},"34":{"loc":{"start":{"line":474,"column":56},"end":{"line":474,"column":74}},"type":"cond-expr","locations":[{"start":{"line":474,"column":67},"end":{"line":474,"column":69}},{"start":{"line":474,"column":72},"end":{"line":474,"column":74}}],"line":474},"35":{"loc":{"start":{"line":567,"column":22},"end":{"line":567,"column":75}},"type":"binary-expr","locations":[{"start":{"line":567,"column":22},"end":{"line":567,"column":41}},{"start":{"line":567,"column":45},"end":{"line":567,"column":75}}],"line":567},"36":{"loc":{"start":{"line":571,"column":21},"end":{"line":572,"column":73}},"type":"binary-expr","locations":[{"start":{"line":571,"column":21},"end":{"line":571,"column":39}},{"start":{"line":572,"column":22},"end":{"line":572,"column":73}}],"line":571},"37":{"loc":{"start":{"line":578,"column":17},"end":{"line":586,"column":17}},"type":"binary-expr","locations":[{"start":{"line":578,"column":17},"end":{"line":578,"column":31}},{"start":{"line":579,"column":18},"end":{"line":585,"column":20}}],"line":578},"38":{"loc":{"start":{"line":616,"column":23},"end":{"line":616,"column":42}},"type":"cond-expr","locations":[{"start":{"line":616,"column":34},"end":{"line":616,"column":37}},{"start":{"line":616,"column":40},"end":{"line":616,"column":42}}],"line":616},"39":{"loc":{"start":{"line":628,"column":31},"end":{"line":628,"column":49}},"type":"cond-expr","locations":[{"start":{"line":628,"column":42},"end":{"line":628,"column":44}},{"start":{"line":628,"column":47},"end":{"line":628,"column":49}}],"line":628},"40":{"loc":{"start":{"line":629,"column":29},"end":{"line":629,"column":47}},"type":"cond-expr","locations":[{"start":{"line":629,"column":40},"end":{"line":629,"column":42}},{"start":{"line":629,"column":45},"end":{"line":629,"column":47}}],"line":629},"41":{"loc":{"start":{"line":630,"column":26},"end":{"line":630,"column":44}},"type":"cond-expr","locations":[{"start":{"line":630,"column":37},"end":{"line":630,"column":39}},{"start":{"line":630,"column":42},"end":{"line":630,"column":44}}],"line":630},"42":{"loc":{"start":{"line":636,"column":21},"end":{"line":636,"column":39}},"type":"cond-expr","locations":[{"start":{"line":636,"column":32},"end":{"line":636,"column":34}},{"start":{"line":636,"column":37},"end":{"line":636,"column":39}}],"line":636},"43":{"loc":{"start":{"line":637,"column":22},"end":{"line":637,"column":40}},"type":"cond-expr","locations":[{"start":{"line":637,"column":33},"end":{"line":637,"column":35}},{"start":{"line":637,"column":38},"end":{"line":637,"column":40}}],"line":637},"44":{"loc":{"start":{"line":638,"column":27},"end":{"line":638,"column":45}},"type":"cond-expr","locations":[{"start":{"line":638,"column":38},"end":{"line":638,"column":40}},{"start":{"line":638,"column":43},"end":{"line":638,"column":45}}],"line":638},"45":{"loc":{"start":{"line":645,"column":26},"end":{"line":645,"column":44}},"type":"cond-expr","locations":[{"start":{"line":645,"column":37},"end":{"line":645,"column":39}},{"start":{"line":645,"column":42},"end":{"line":645,"column":44}}],"line":645},"46":{"loc":{"start":{"line":659,"column":23},"end":{"line":659,"column":42}},"type":"cond-expr","locations":[{"start":{"line":659,"column":34},"end":{"line":659,"column":37}},{"start":{"line":659,"column":40},"end":{"line":659,"column":42}}],"line":659},"47":{"loc":{"start":{"line":671,"column":31},"end":{"line":671,"column":49}},"type":"cond-expr","locations":[{"start":{"line":671,"column":42},"end":{"line":671,"column":44}},{"start":{"line":671,"column":47},"end":{"line":671,"column":49}}],"line":671},"48":{"loc":{"start":{"line":672,"column":29},"end":{"line":672,"column":47}},"type":"cond-expr","locations":[{"start":{"line":672,"column":40},"end":{"line":672,"column":42}},{"start":{"line":672,"column":45},"end":{"line":672,"column":47}}],"line":672},"49":{"loc":{"start":{"line":673,"column":26},"end":{"line":673,"column":44}},"type":"cond-expr","locations":[{"start":{"line":673,"column":37},"end":{"line":673,"column":39}},{"start":{"line":673,"column":42},"end":{"line":673,"column":44}}],"line":673},"50":{"loc":{"start":{"line":679,"column":21},"end":{"line":679,"column":39}},"type":"cond-expr","locations":[{"start":{"line":679,"column":32},"end":{"line":679,"column":34}},{"start":{"line":679,"column":37},"end":{"line":679,"column":39}}],"line":679},"51":{"loc":{"start":{"line":680,"column":22},"end":{"line":680,"column":40}},"type":"cond-expr","locations":[{"start":{"line":680,"column":33},"end":{"line":680,"column":35}},{"start":{"line":680,"column":38},"end":{"line":680,"column":40}}],"line":680},"52":{"loc":{"start":{"line":681,"column":27},"end":{"line":681,"column":45}},"type":"cond-expr","locations":[{"start":{"line":681,"column":38},"end":{"line":681,"column":40}},{"start":{"line":681,"column":43},"end":{"line":681,"column":45}}],"line":681},"53":{"loc":{"start":{"line":688,"column":26},"end":{"line":688,"column":44}},"type":"cond-expr","locations":[{"start":{"line":688,"column":37},"end":{"line":688,"column":39}},{"start":{"line":688,"column":42},"end":{"line":688,"column":44}}],"line":688}},"s":{"0":1,"1":1,"2":13,"3":13,"4":13,"5":13,"6":13,"7":13,"8":13,"9":13,"10":13,"11":13,"12":13,"13":13,"14":0,"15":0,"16":0,"17":0,"18":0,"19":0,"20":0,"21":0,"22":0,"23":0,"24":0,"25":0,"26":0,"27":0,"28":0,"29":0,"30":0,"31":0,"32":0,"33":0,"34":0,"35":0,"36":0,"37":0,"38":0,"39":0,"40":0,"41":0,"42":13,"43":0,"44":13,"45":0,"46":0,"47":0,"48":0,"49":0,"50":0,"51":0,"52":0,"53":0,"54":0,"55":0,"56":0,"57":0,"58":0,"59":0,"60":13,"61":0,"62":13,"63":2,"64":2,"65":2,"66":2,"67":0,"68":0,"69":2,"70":2,"71":0,"72":0,"73":2,"74":2,"75":0,"76":0,"77":2,"78":2,"79":2,"80":2,"81":2,"82":2,"83":2,"84":0,"85":0,"86":0,"87":2,"88":2,"89":2,"90":0,"91":0,"92":0,"93":2,"94":2,"95":2,"96":2,"97":2,"98":2,"99":2,"100":2,"101":2,"102":2,"103":1,"104":1,"105":1,"106":1,"107":1,"108":1,"109":1,"110":1,"111":1,"112":1,"113":1,"114":1,"115":1,"116":0,"117":0,"118":0,"119":0,"120":13,"121":0,"122":0,"123":0,"124":0,"125":0,"126":0,"127":0,"128":0,"129":0,"130":0,"131":13,"132":0,"133":2,"134":1,"135":1,"136":0,"137":0,"138":2,"139":1},"f":{"0":13,"1":0,"2":0,"3":0,"4":0,"5":2,"6":0,"7":0,"8":2,"9":1,"10":1,"11":0,"12":0,"13":2},"b":{"0":[0,0],"1":[0,0],"2":[0,0],"3":[0,0],"4":[0,0],"5":[0,0],"6":[0,0],"7":[0,0],"8":[0,0],"9":[0,0],"10":[0,0],"11":[0,0],"12":[2,0],"13":[2,1],"14":[2,1],"15":[0,2],"16":[2,2,2,2,2,2,2,2],"17":[0,2],"18":[2,2,2,2,2,2,2],"19":[0,2],"20":[0,2],"21":[0,2],"22":[1,1],"23":[1,1],"24":[0,0],"25":[0,0],"26":[0,0],"27":[0,0],"28":[0,0],"29":[0,0],"30":[13,0],"31":[13,0],"32":[13,0],"33":[13,0],"34":[13,0],"35":[13,13],"36":[13,13],"37":[13,0],"38":[13,0],"39":[13,0],"40":[13,0],"41":[13,0],"42":[13,0],"43":[13,0],"44":[13,0],"45":[13,0],"46":[13,0],"47":[13,0],"48":[13,0],"49":[13,0],"50":[13,0],"51":[13,0],"52":[13,0],"53":[13,0]},"_coverageSchema":"1a1c01bbd47fc00a2c39e90264f33305004495a9","hash":"d1ceb4bc46527197998797fef3f8faf962e5606b"}
,"C:\\Users\\megad\\Documents\\TFG\\Mixlead-SDK53\\assets\\addDoseManually.png": {"path":"C:\\Users\\megad\\Documents\\TFG\\Mixlead-SDK53\\assets\\addDoseManually.png","statementMap":{"0":{"start":{"line":1,"column":0},"end":{"line":4,"column":6}}},"fnMap":{},"branchMap":{},"s":{"0":1},"f":{},"b":{},"_coverageSchema":"1a1c01bbd47fc00a2c39e90264f33305004495a9","hash":"e945d8d214ab28e8c7fe862297c5f54eb7bd3ac1"}
,"C:\\Users\\megad\\Documents\\TFG\\Mixlead-SDK53\\assets\\doseData.png": {"path":"C:\\Users\\megad\\Documents\\TFG\\Mixlead-SDK53\\assets\\doseData.png","statementMap":{"0":{"start":{"line":1,"column":0},"end":{"line":4,"column":6}}},"fnMap":{},"branchMap":{},"s":{"0":1},"f":{},"b":{},"_coverageSchema":"1a1c01bbd47fc00a2c39e90264f33305004495a9","hash":"9be7ba5ce9ade71e52fbc542ea0bf87f9d7dc6d1"}
,"C:\\Users\\megad\\Documents\\TFG\\Mixlead-SDK53\\assets\\go-back.png": {"path":"C:\\Users\\megad\\Documents\\TFG\\Mixlead-SDK53\\assets\\go-back.png","statementMap":{"0":{"start":{"line":1,"column":0},"end":{"line":4,"column":6}}},"fnMap":{},"branchMap":{},"s":{"0":1},"f":{},"b":{},"_coverageSchema":"1a1c01bbd47fc00a2c39e90264f33305004495a9","hash":"af06e18c32e7247ffa3ea2c90609a3931b700e3a"}
,"C:\\Users\\megad\\Documents\\TFG\\Mixlead-SDK53\\assets\\icon.png": {"path":"C:\\Users\\megad\\Documents\\TFG\\Mixlead-SDK53\\assets\\icon.png","statementMap":{"0":{"start":{"line":1,"column":0},"end":{"line":4,"column":6}}},"fnMap":{},"branchMap":{},"s":{"0":1},"f":{},"b":{},"_coverageSchema":"1a1c01bbd47fc00a2c39e90264f33305004495a9","hash":"9e855a7b4a6015fd9468d4652c1ef155fe37144f"}
}
