TN:
SF:app\employee\myAgenda.js
FN:37,Home
FN:55,(anonymous_1)
FN:131,(anonymous_2)
FN:135,(anonymous_3)
FN:187,(anonymous_4)
FN:191,(anonymous_5)
FN:392,(anonymous_6)
FN:485,(anonymous_7)
FN:520,(anonymous_8)
FN:533,(anonymous_9)
FN:546,(anonymous_10)
FN:561,(anonymous_11)
FN:591,(anonymous_12)
FN:656,(anonymous_13)
FNF:14
FNH:6
FNDA:13,Home
FNDA:0,(anonymous_1)
FNDA:0,(anonymous_2)
FNDA:0,(anonymous_3)
FNDA:0,(anonymous_4)
FNDA:2,(anonymous_5)
FNDA:0,(anonymous_6)
FNDA:0,(anonymous_7)
FNDA:2,(anonymous_8)
FNDA:1,(anonymous_9)
FNDA:1,(anonymous_10)
FNDA:0,(anonymous_11)
FNDA:0,(anonymous_12)
FNDA:2,(anonymous_13)
DA:33,1
DA:35,1
DA:38,13
DA:39,13
DA:41,13
DA:42,13
DA:43,13
DA:45,13
DA:46,13
DA:47,13
DA:49,13
DA:50,13
DA:51,13
DA:55,13
DA:56,0
DA:57,0
DA:58,0
DA:59,0
DA:67,0
DA:70,0
DA:71,0
DA:74,0
DA:75,0
DA:77,0
DA:78,0
DA:79,0
DA:80,0
DA:82,0
DA:83,0
DA:85,0
DA:91,0
DA:92,0
DA:94,0
DA:97,0
DA:98,0
DA:102,0
DA:104,0
DA:107,0
DA:115,0
DA:118,0
DA:119,0
DA:127,0
DA:131,13
DA:132,0
DA:135,13
DA:136,0
DA:138,0
DA:139,0
DA:140,0
DA:141,0
DA:142,0
DA:143,0
DA:146,0
DA:149,0
DA:159,0
DA:163,0
DA:166,0
DA:168,0
DA:171,0
DA:183,0
DA:187,13
DA:188,0
DA:191,13
DA:193,2
DA:194,2
DA:195,2
DA:197,2
DA:207,0
DA:213,0
DA:215,2
DA:217,2
DA:226,0
DA:232,0
DA:236,2
DA:237,2
DA:238,0
DA:244,0
DA:248,2
DA:250,2
DA:252,2
DA:255,2
DA:256,2
DA:260,2
DA:262,2
DA:263,0
DA:266,0
DA:273,0
DA:276,2
DA:277,2
DA:279,2
DA:280,0
DA:283,0
DA:290,0
DA:292,2
DA:295,2
DA:296,2
DA:297,2
DA:298,2
DA:301,2
DA:309,2
DA:316,2
DA:317,2
DA:321,2
DA:322,1
DA:332,1
DA:337,1
DA:340,1
DA:353,1
DA:361,1
DA:362,1
DA:363,1
DA:364,1
DA:365,1
DA:366,1
DA:367,1
DA:368,1
DA:370,0
DA:371,0
DA:372,0
DA:380,0
DA:392,13
DA:394,0
DA:395,0
DA:399,0
DA:400,0
DA:403,0
DA:406,0
DA:407,0
DA:410,0
DA:411,0
DA:415,0
DA:419,13
DA:485,0
DA:521,2
DA:534,1
DA:547,1
DA:561,0
DA:591,0
DA:656,2
DA:717,1
LF:140
LH:66
BRDA:57,0,0,0
BRDA:57,0,1,0
BRDA:77,1,0,0
BRDA:77,1,1,0
BRDA:82,2,0,0
BRDA:82,2,1,0
BRDA:91,3,0,0
BRDA:91,3,1,0
BRDA:97,4,0,0
BRDA:97,4,1,0
BRDA:97,5,0,0
BRDA:97,5,1,0
BRDA:138,6,0,0
BRDA:138,6,1,0
BRDA:138,7,0,0
BRDA:138,7,1,0
BRDA:140,8,0,0
BRDA:140,8,1,0
BRDA:142,9,0,0
BRDA:142,9,1,0
BRDA:166,10,0,0
BRDA:166,10,1,0
BRDA:168,11,0,0
BRDA:168,11,1,0
BRDA:193,12,0,2
BRDA:193,12,1,0
BRDA:194,13,0,2
BRDA:194,13,1,1
BRDA:195,14,0,2
BRDA:195,14,1,1
BRDA:197,15,0,0
BRDA:197,15,1,2
BRDA:198,16,0,2
BRDA:198,16,1,2
BRDA:198,16,2,2
BRDA:198,16,3,2
BRDA:198,16,4,2
BRDA:198,16,5,2
BRDA:198,16,6,2
BRDA:198,16,7,2
BRDA:217,17,0,0
BRDA:217,17,1,2
BRDA:218,18,0,2
BRDA:218,18,1,2
BRDA:218,18,2,2
BRDA:218,18,3,2
BRDA:218,18,4,2
BRDA:218,18,5,2
BRDA:218,18,6,2
BRDA:237,19,0,0
BRDA:237,19,1,2
BRDA:262,20,0,0
BRDA:262,20,1,2
BRDA:279,21,0,0
BRDA:279,21,1,2
BRDA:321,22,0,1
BRDA:321,22,1,1
BRDA:348,23,0,1
BRDA:348,23,1,1
BRDA:371,24,0,0
BRDA:371,24,1,0
BRDA:394,25,0,0
BRDA:394,25,1,0
BRDA:399,26,0,0
BRDA:399,26,1,0
BRDA:399,27,0,0
BRDA:399,27,1,0
BRDA:400,28,0,0
BRDA:400,28,1,0
BRDA:410,29,0,0
BRDA:410,29,1,0
BRDA:448,30,0,13
BRDA:448,30,1,0
BRDA:448,31,0,13
BRDA:448,31,1,0
BRDA:456,32,0,13
BRDA:456,32,1,0
BRDA:474,33,0,13
BRDA:474,33,1,0
BRDA:474,34,0,13
BRDA:474,34,1,0
BRDA:567,35,0,13
BRDA:567,35,1,13
BRDA:571,36,0,13
BRDA:571,36,1,13
BRDA:578,37,0,13
BRDA:578,37,1,0
BRDA:616,38,0,13
BRDA:616,38,1,0
BRDA:628,39,0,13
BRDA:628,39,1,0
BRDA:629,40,0,13
BRDA:629,40,1,0
BRDA:630,41,0,13
BRDA:630,41,1,0
BRDA:636,42,0,13
BRDA:636,42,1,0
BRDA:637,43,0,13
BRDA:637,43,1,0
BRDA:638,44,0,13
BRDA:638,44,1,0
BRDA:645,45,0,13
BRDA:645,45,1,0
BRDA:659,46,0,13
BRDA:659,46,1,0
BRDA:671,47,0,13
BRDA:671,47,1,0
BRDA:672,48,0,13
BRDA:672,48,1,0
BRDA:673,49,0,13
BRDA:673,49,1,0
BRDA:679,50,0,13
BRDA:679,50,1,0
BRDA:680,51,0,13
BRDA:680,51,1,0
BRDA:681,52,0,13
BRDA:681,52,1,0
BRDA:688,53,0,13
BRDA:688,53,1,0
BRF:119
BRH:55
end_of_record
TN:
SF:assets\addDoseManually.png
FNF:0
FNH:0
DA:1,1
LF:1
LH:1
BRF:0
BRH:0
end_of_record
TN:
SF:assets\doseData.png
FNF:0
FNH:0
DA:1,1
LF:1
LH:1
BRF:0
BRH:0
end_of_record
TN:
SF:assets\go-back.png
FNF:0
FNH:0
DA:1,1
LF:1
LH:1
BRF:0
BRH:0
end_of_record
TN:
SF:assets\icon.png
FNF:0
FNH:0
DA:1,1
LF:1
LH:1
BRF:0
BRH:0
end_of_record
